<?xml version="1.0" encoding="UTF-8"?>
<!-- Generated by org.testng.reporters.JUnitXMLReporter -->
<testsuite hostname="LTIN268312" name="Default test" tests="10" failures="0" timestamp="27 Jul 2022 18:33:24 GMT" time="10.909" errors="0">
  <testcase name="postResponse" time="4.627" classname="com.RestAssuredMain.API.TC010_postRequest"/>
  <testcase name="authResponse" time="0.564" classname="com.RestAssuredMain.API.TC009_AuthResponse"/>
  <testcase name="GetBooksDetails" time="0.564" classname="com.RestAssuredMain.API.TC001_ResponseTest"/>
  <testcase name="httpValidation" time="0.514" classname="com.RestAssuredMain.API.TC005_httpHeaderValidation"/>
  <testcase name="httpHeaders" time="0.577" classname="com.RestAssuredMain.API.TC003_httpResponse"/>
  <testcase name="jsonResponse" time="0.534" classname="com.RestAssuredMain.API.TC006_jsonResponse"/>
  <testcase name="getResponse" time="0.63" classname="com.RestAssuredMain.API.TC002_GetResponse"/>
  <testcase name="queryParameter" time="1.743" classname="com.RestAssuredMain.API.TC007_queryParameter"/>
  <testcase name="postResponse" time="0.549" classname="com.RestAssuredMain.API.TC008_putResponse"/>
  <testcase name="httpReader" time="0.553" classname="com.RestAssuredMain.API.TC004_httpHeaderReader"/>
</testsuite>
